Determining if the pthread_create exist failed with the following output:
Change Dir: /home/ramzisah/Desktop/Cpp/includes/glfw-3.3/CMakeFiles/CMakeTmp

Run Build Command:"/usr/bin/make" "cmTC_dab4a/fast"
/usr/bin/make -f CMakeFiles/cmTC_dab4a.dir/build.make CMakeFiles/cmTC_dab4a.dir/build
make[1]: Entering directory '/home/ramzisah/Desktop/Cpp/includes/glfw-3.3/CMakeFiles/CMakeTmp'
Building C object CMakeFiles/cmTC_dab4a.dir/CheckSymbolExists.c.o
/usr/bin/cc    -o CMakeFiles/cmTC_dab4a.dir/CheckSymbolExists.c.o   -c /home/ramzisah/Desktop/Cpp/includes/glfw-3.3/CMakeFiles/CMakeTmp/CheckSymbolExists.c
Linking C executable cmTC_dab4a
/usr/bin/cmake -E cmake_link_script CMakeFiles/cmTC_dab4a.dir/link.txt --verbose=1
/usr/bin/cc      -rdynamic CMakeFiles/cmTC_dab4a.dir/CheckSymbolExists.c.o  -o cmTC_dab4a 
CMakeFiles/cmTC_dab4a.dir/CheckSymbolExists.c.o: In function `main':
CheckSymbolExists.c:(.text+0x1b): undefined reference to `pthread_create'
collect2: error: ld returned 1 exit status
CMakeFiles/cmTC_dab4a.dir/build.make:97: recipe for target 'cmTC_dab4a' failed
make[1]: *** [cmTC_dab4a] Error 1
make[1]: Leaving directory '/home/ramzisah/Desktop/Cpp/includes/glfw-3.3/CMakeFiles/CMakeTmp'
Makefile:126: recipe for target 'cmTC_dab4a/fast' failed
make: *** [cmTC_dab4a/fast] Error 2

File /home/ramzisah/Desktop/Cpp/includes/glfw-3.3/CMakeFiles/CMakeTmp/CheckSymbolExists.c:
/* */
#include <pthread.h>

int main(int argc, char** argv)
{
  (void)argv;
#ifndef pthread_create
  return ((int*)(&pthread_create))[argc];
#else
  (void)argc;
  return 0;
#endif
}

Determining if the function pthread_create exists in the pthreads failed with the following output:
Change Dir: /home/ramzisah/Desktop/Cpp/includes/glfw-3.3/CMakeFiles/CMakeTmp

Run Build Command:"/usr/bin/make" "cmTC_44938/fast"
/usr/bin/make -f CMakeFiles/cmTC_44938.dir/build.make CMakeFiles/cmTC_44938.dir/build
make[1]: Entering directory '/home/ramzisah/Desktop/Cpp/includes/glfw-3.3/CMakeFiles/CMakeTmp'
Building C object CMakeFiles/cmTC_44938.dir/CheckFunctionExists.c.o
/usr/bin/cc   -DCHECK_FUNCTION_EXISTS=pthread_create   -o CMakeFiles/cmTC_44938.dir/CheckFunctionExists.c.o   -c /usr/share/cmake-3.10/Modules/CheckFunctionExists.c
Linking C executable cmTC_44938
/usr/bin/cmake -E cmake_link_script CMakeFiles/cmTC_44938.dir/link.txt --verbose=1
/usr/bin/cc  -DCHECK_FUNCTION_EXISTS=pthread_create    -rdynamic CMakeFiles/cmTC_44938.dir/CheckFunctionExists.c.o  -o cmTC_44938 -lpthreads 
/usr/bin/ld: cannot find -lpthreads
collect2: error: ld returned 1 exit status
CMakeFiles/cmTC_44938.dir/build.make:97: recipe for target 'cmTC_44938' failed
make[1]: *** [cmTC_44938] Error 1
make[1]: Leaving directory '/home/ramzisah/Desktop/Cpp/includes/glfw-3.3/CMakeFiles/CMakeTmp'
Makefile:126: recipe for target 'cmTC_44938/fast' failed
make: *** [cmTC_44938/fast] Error 2


